[35m[Appium][39m Welcome to Appium v1.22.3
[35m[Appium][39m Non-default server args:
[35m[Appium][39m   port: 59890
[35m[Appium][39m   loglevel: info
[35m[Appium][39m   tmpDir: C:\Users\AIDA\AppData\Local\Temp\\Katalon\Appium\Temp1670850876663
[35m[Appium][39m   chromedriverPort: 59891
[35m[Appium][39m Deprecated server args:
[35m[Appium][39m   [31m--chromedriver-port[39m => --default-capabilities
[35m[Appium][39m Default capabilities, which will be added to each request unless overridden by desired capabilities:
[35m[Appium][39m   chromedriverPort: 59891
[35m[Appium][39m Appium REST http interface listener started on 0.0.0.0:59890
[35m[HTTP][39m [37m-->[39m [37mGET[39m [37m/wd/hub/status[39m
[35m[HTTP][39m [90m{}[39m
[35m[HTTP][39m [37m<-- GET /wd/hub/status [39m[32m200[39m [90m5 ms - 68[39m
[35m[HTTP][39m [90m[39m
[35m[HTTP][39m [37m-->[39m [37mGET[39m [37m/wd/hub/status[39m
[35m[HTTP][39m [90m{}[39m
[35m[HTTP][39m [37m<-- GET /wd/hub/status [39m[32m200[39m [90m1 ms - 68[39m
[35m[HTTP][39m [90m[39m
[35m[HTTP][39m [37m-->[39m [37mPOST[39m [37m/wd/hub/session[39m
[35m[HTTP][39m [90m{"desiredCapabilities":{"app":"E:\\TUGAS\\Kampus Merdeka\\Clone4\\QE_Aida-Paramita\\26_Mobile Testing\\praktikum\\apk\\hotelo.apk","noReset":true,"deviceName":"samsung SM-G610F (Android 8.1.0)","fullReset":false,"platform":"ANDROID","newCommandTimeout":1800,"platformVersion":"8.1.0","automationName":"uiautomator2","autoGrantPermissions":true,"platformName":"Android","udid":"3300e666d756148d","systemPort":59896},"capabilities":{"firstMatch":[{"appium:app":"E:\\TUGAS\\Kampus Merdeka\\Clone4\\QE_Aida-Paramita\\26_Mobile Testing\\praktikum\\apk\\hotelo.apk","appium:autoGrantPermissions":true,"appium:automationName":"uiautomator2","appium:deviceName":"samsung SM-G610F (Android 8.1.0)","appium:fullReset":false,"appium:newCommandTimeout":1800,"appium:noReset":true,"platform":"ANDROID","platformName":"android","appium:platformVersion":"8.1.0","appium:systemPort":59896,"appium:udid":"3300e666d756148d"}]}}[39m
[35m[BaseDriver][39m The following capabilities are not standard capabilities and should have an extension prefix:
[35m[BaseDriver][39m   platform
[35m[BaseDriver][39m   chromedriverPort
[35m[Appium][39m Appium v1.22.3 creating new AndroidUiautomator2Driver (v1.70.1) session
[35m[BaseDriver][39m The following capabilities were provided, but are not recognized by Appium:
[35m[BaseDriver][39m   platform
[35m[BaseDriver][39m Session created with session id: 9f2bea02-64ab-49d2-afef-d026fc762bc0
[35m[BaseDriver][39m Using local app 'E:\TUGAS\Kampus Merdeka\Clone4\QE_Aida-Paramita\26_Mobile Testing\praktikum\apk\hotelo.apk'
[35m[ADB][39m Found 3 'build-tools' folders under 'C:\Users\AIDA\AppData\Local\Android\Sdk' (newest first):
[35m[ADB][39m     C:/Users/AIDA/AppData/Local/Android/Sdk/build-tools/32.1.0-rc1
[35m[ADB][39m     C:/Users/AIDA/AppData/Local/Android/Sdk/build-tools/32.0.0
[35m[ADB][39m     C:/Users/AIDA/AppData/Local/Android/Sdk/build-tools/29.0.2
[35m[ADB][39m Using 'adb.exe' from 'C:\Users\AIDA\AppData\Local\Android\Sdk\platform-tools\adb.exe'
[35m[AndroidDriver][39m Retrieving device list
[35m[AndroidDriver][39m Using device: 3300e666d756148d
[35m[ADB][39m Using 'adb.exe' from 'C:\Users\AIDA\AppData\Local\Android\Sdk\platform-tools\adb.exe'
[35m[ADB][39m Package name: 'com.project3'
[35m[ADB][39m Main activity name: 'com.project3.MainActivity'
[35m[ADB][39m Using 'apksigner.jar' from 'C:\Users\AIDA\AppData\Local\Android\Sdk\build-tools\32.1.0-rc1\lib\apksigner.jar'
[35m[ADB][39m 'C:\Users\AIDA\AppData\Roaming\npm\node_modules\appium\node_modules\appium-uiautomator2-server\apks\appium-uiautomator2-server-v4.27.0.apk' is signed with the default certificate
[35m[ADB][39m 'C:\Users\AIDA\AppData\Roaming\npm\node_modules\appium\node_modules\appium-uiautomator2-server\apks\appium-uiautomator2-server-debug-androidTest.apk' is signed with the default certificate
[35m[UiAutomator2][39m Server packages are not going to be (re)installed
[35m[ADB][39m Adding packages ["io.appium.settings","io.appium.uiautomator2.server","io.appium.uiautomator2.server.test"] to Doze whitelist
[35m[ADB][39m 'E:\TUGAS\Kampus Merdeka\Clone4\QE_Aida-Paramita\26_Mobile Testing\praktikum\apk\hotelo.apk' is signed with a non-default certificate
[35m[ADB][39m The application at 'E:\TUGAS\Kampus Merdeka\Clone4\QE_Aida-Paramita\26_Mobile Testing\praktikum\apk\hotelo.apk' will not be cached, because the device under test has confirmed the support of streamed installs
[35m[ADB][39m The installation of 'hotelo.apk' took 19302ms
[35m[UiAutomator2][39m Starting UIAutomator2 server 4.27.0
[35m[UiAutomator2][39m Using UIAutomator2 server from 'C:\Users\AIDA\AppData\Roaming\npm\node_modules\appium\node_modules\appium-uiautomator2-server\apks\appium-uiautomator2-server-v4.27.0.apk' and test from 'C:\Users\AIDA\AppData\Roaming\npm\node_modules\appium\node_modules\appium-uiautomator2-server\apks\appium-uiautomator2-server-debug-androidTest.apk'
[35m[UiAutomator2][39m Waiting up to 30000ms for UiAutomator2 to be online...
[35m[WD Proxy][39m socket hang up
[35m[WD Proxy][39m socket hang up
[35m[WD Proxy][39m socket hang up
[35m[WD Proxy][39m socket hang up
[35m[WD Proxy][39m socket hang up
[35m[WD Proxy][39m Determined the downstream protocol as 'W3C'
[35m[AndroidDriver][39m Screen already unlocked, doing nothing
[35m[UiAutomator2][39m Starting 'com.project3/com.project3.MainActivity and waiting for 'com.project3/com.project3.MainActivity'
[35m[Appium][39m New AndroidUiautomator2Driver session created successfully, session 9f2bea02-64ab-49d2-afef-d026fc762bc0 added to master session list
[35m[HTTP][39m [37m<-- POST /wd/hub/session [39m[32m200[39m [90m33091 ms - 1369[39m
[35m[HTTP][39m [90m[39m
[35m[HTTP][39m [37m-->[39m [37mGET[39m [37m/wd/hub/session/9f2bea02-64ab-49d2-afef-d026fc762bc0[39m
[35m[HTTP][39m [90m{}[39m
[35m[HTTP][39m [37m<-- GET /wd/hub/session/9f2bea02-64ab-49d2-afef-d026fc762bc0 [39m[32m200[39m [90m35 ms - 1323[39m
[35m[HTTP][39m [90m[39m
[35m[HTTP][39m [37m-->[39m [37mGET[39m [37m/wd/hub/session/9f2bea02-64ab-49d2-afef-d026fc762bc0[39m
[35m[HTTP][39m [90m{}[39m
[35m[HTTP][39m [37m<-- GET /wd/hub/session/9f2bea02-64ab-49d2-afef-d026fc762bc0 [39m[32m200[39m [90m25 ms - 1323[39m
[35m[HTTP][39m [90m[39m
[35m[HTTP][39m [37m-->[39m [37mGET[39m [37m/wd/hub/status[39m
[35m[HTTP][39m [90m{}[39m
[35m[HTTP][39m [37m<-- GET /wd/hub/status [39m[32m200[39m [90m1 ms - 68[39m
[35m[HTTP][39m [90m[39m
[35m[HTTP][39m [37m-->[39m [37mPOST[39m [37m/wd/hub/session/9f2bea02-64ab-49d2-afef-d026fc762bc0/timeouts[39m
[35m[HTTP][39m [90m{"implicit":60000}[39m
[35m[HTTP][39m [37m<-- POST /wd/hub/session/9f2bea02-64ab-49d2-afef-d026fc762bc0/timeouts [39m[32m200[39m [90m6 ms - 14[39m
[35m[HTTP][39m [90m[39m
[35m[HTTP][39m [37m-->[39m [37mGET[39m [37m/wd/hub/session/9f2bea02-64ab-49d2-afef-d026fc762bc0/source[39m
[35m[HTTP][39m [90m{}[39m
[35m[W3C (9f2bea02)][39m Driver proxy active, passing request on via HTTP proxy
[35m[WD Proxy][39m Replacing sessionId 85170440-a1c3-4785-af51-ecee6b8ae287 with 9f2bea02-64ab-49d2-afef-d026fc762bc0
[35m[HTTP][39m [37m<-- GET /wd/hub/session/9f2bea02-64ab-49d2-afef-d026fc762bc0/source [39m[32m200[39m [90m150 ms - 2720[39m
[35m[HTTP][39m [90m[39m
[35m[HTTP][39m [37m-->[39m [37mGET[39m [37m/wd/hub/session/9f2bea02-64ab-49d2-afef-d026fc762bc0/screenshot[39m
[35m[HTTP][39m [90m{}[39m
[35m[HTTP][39m [37m<-- GET /wd/hub/session/9f2bea02-64ab-49d2-afef-d026fc762bc0/screenshot [39m[32m200[39m [90m959 ms - 59314[39m
[35m[HTTP][39m [90m[39m
[35m[HTTP][39m [37m-->[39m [37mGET[39m [37m/wd/hub/session/9f2bea02-64ab-49d2-afef-d026fc762bc0/source[39m
[35m[HTTP][39m [90m{}[39m
[35m[W3C (9f2bea02)][39m Driver proxy active, passing request on via HTTP proxy
[35m[WD Proxy][39m Replacing sessionId 85170440-a1c3-4785-af51-ecee6b8ae287 with 9f2bea02-64ab-49d2-afef-d026fc762bc0
[35m[HTTP][39m [37m<-- GET /wd/hub/session/9f2bea02-64ab-49d2-afef-d026fc762bc0/source [39m[32m200[39m [90m719 ms - 28295[39m
[35m[HTTP][39m [90m[39m
[35m[HTTP][39m [37m-->[39m [37mGET[39m [37m/wd/hub/session/9f2bea02-64ab-49d2-afef-d026fc762bc0/screenshot[39m
[35m[HTTP][39m [90m{}[39m
[35m[HTTP][39m [37m<-- GET /wd/hub/session/9f2bea02-64ab-49d2-afef-d026fc762bc0/screenshot [39m[32m200[39m [90m1007 ms - 173612[39m
[35m[HTTP][39m [90m[39m
[35m[HTTP][39m [37m-->[39m [37mPOST[39m [37m/wd/hub/session/9f2bea02-64ab-49d2-afef-d026fc762bc0/elements[39m
[35m[HTTP][39m [90m{"using":"xpath","value":"//*[@class = 'android.widget.TextView' and (@text = 'Where do you want to go?' or . = 'Where do[35m[HTTP][39m [37m-->[39m [37mDELETE[39m [37m/wd/hub/session/2d8000e1-303c-4b15-85ff-1cfa2e6d21fe[39m
[35m[HTTP][39m [90m{}[39m
[35m[Appium][39m Removing session 2d8000e1-303c-4b15-85ff-1cfa2e6d21fe from our master session list
[35m[UiAutomator2][39m Did not get confirmation UiAutomator2 deleteSession worked; Error was: UnknownError: An unknown server-side error occurred while processing the command. Original error: 'DELETE /' cannot be proxied to UiAutomator2 server because the instrumentation process is not running (probably crashed). Check the server log and/or the logcat output for more details
[35m[HTTP][39m [37m<-- DELETE /wd/hub/session/2d8000e1-303c-4b15-85ff-1cfa2e6d21fe [39m[32m200[39m [90m174 ms - 14[39m
[35m[HTTP][39m [90m[39m
o go?')]"}[39m
[35m[HTTP][39m [37m<-- POST /wd/hub/session/9f2bea02-64ab-49d2-afef-d026fc762bc0/elements [39m[32m200[39m [90m667 ms - 139[39m
[35m[HTTP][39m [90m[39m
[35m[HTTP][39m [37m-->[39m [37mGET[39m [37m/wd/hub/session/9f2bea02-64ab-49d2-afef-d026fc762bc0/element/00000000-0000-002e-ffff-ffff00000023/location[39m
[35m[HTTP][39m [90m{}[39m
[35m[W3C (9f2bea02)][39m Driver proxy active, passing request on via HTTP proxy
[35m[WD Proxy][39m Replacing sessionId 85170440-a1c3-4785-af51-ecee6b8ae287 with 9f2bea02-64ab-49d2-afef-d026fc762bc0
[35m[HTTP][39m [37m<-- GET /wd/hub/session/9f2bea02-64ab-49d2-afef-d026fc762bc0/element/00000000-0000-002e-ffff-ffff00000023/location [39m[32m200[39m [90m34 ms - 77[39m
[35m[HTTP][39m [90m[39m
[35m[HTTP][39m [37m-->[39m [37mPOST[39m [37m/wd/hub/session/9f2bea02-64ab-49d2-afef-d026fc762bc0/element/00000000-0000-002e-ffff-ffff00000023/clear[39m
[35m[HTTP][39m [90m{"id":"00000000-0000-002e-ffff-ffff00000023"}[39m
[35m[HTTP][39m [37m<-- POST /wd/hub/session/9f2bea02-64ab-49d2-afef-d026fc762bc0/element/00000000-0000-002e-ffff-ffff00000023/clear [39m[32m200[39m [90m37 ms - 14[39m
[35m[HTTP][39m [90m[39m
[35m[HTTP][39m [37m-->[39m [37mPOST[39m [37m/wd/hub/session/9f2bea02-64ab-49d2-afef-d026fc762bc0/element/00000000-0000-002e-ffff-ffff00000023/value[39m
[35m[HTTP][39m [90m{"id":"00000000-0000-002e-ffff-ffff00000023","text":"testing","value":["t","e","s","t","i","n","g"]}[39m
[35m[WD Proxy][39m Got response with status 400: {"sessionId":"85170440-a1c3-4785-af51-ecee6b8ae287","value":{"error":"invalid element state","message":"Cannot set the element to 'testing'. Did you interact with the correct element?","stacktrace":"io.appium.uiautomator2.common.exceptions.InvalidElementStateException: Cannot set the element to 'testing'. Did you interact with the correct element?\n\tat io.appium.uiautomator2.handler.SendKeysToElement.setText(SendKeysToElement.java:87)\n\tat io.appium.uiautomator2.handler.SendKeysToElement.safeHandle(SendKeysToElement.java:115)\n\tat io.appium.uiautomator2.handler.request.SafeRequestHandler.handle(SafeRequestHandler.java:59)\n\tat io.appium.uiautomator2.server.AppiumServlet.handleRequest(AppiumServlet.java:266)\n\tat io.appium.uiautomator2.server.AppiumServlet.handleHttpRequest(AppiumServlet.java:260)\n\tat io.appium.uiautomator2.http.ServerHandler.channelRead(ServerHandler.java:68)\n\tat io.netty.channel.AbstractChannelHandlerContext.invokeChannelRead(AbstractChannelHandlerContext.java:366)\n\tat io.netty...
[35m[HTTP][39m [37m<-- POST /wd/hub/session/9f2bea02-64ab-49d2-afef-d026fc762bc0/element/00000000-0000-002e-ffff-ffff00000023/value [39m[33m400[39m [90m163 ms - 3893[39m
[35m[HTTP][39m [90m[39m
[35m[HTTP][39m [37m-->[39m [37mPOST[39m [37m/wd/hub/session/9f2bea02-64ab-49d2-afef-d026fc762bc0/elements[39m
[35m[HTTP][39m [90m{"using":"xpath","value":"//*[@class = 'android.view.ViewGroup' and (@text = '' or . = '')]"}[39m
[35m[HTTP][39m [37m<-- POST /wd/hub/session/9f2bea02-64ab-49d2-afef-d026fc762bc0/elements [39m[32m200[39m [90m663 ms - 3595[39m
[35m[HTTP][39m [90m[39m
[35m[HTTP][39m [37m-->[39m [37mPOST[39m [37m/wd/hub/session/9f2bea02-64ab-49d2-afef-d026fc762bc0/elements[39m
[35m[HTTP][39m [90m{"using":"-android uiautomator","value":"new UiSelector().className(\"android.view.ViewGroup\")"}[39m
[35m[HTTP][39m [37m<-- POST /wd/hub/session/9f2bea02-64ab-49d2-afef-d026fc762bc0/elements [39m[32m200[39m [90m1206 ms - 3595[39m
[35m[HTTP][39m [90m[39m
[35m[HTTP][39m [37m-->[39m [37mGET[39m [37m/wd/hub/session/9f2bea02-64ab-49d2-afef-d026fc762bc0/window/rect[39m
[35m[HTTP][39m [90m{}[39m
[35m[HTTP][39m [37m<-- GET /wd/hub/session/9f2bea02-64ab-49d2-afef-d026fc762bc0/window/rect [39m[32m200[39m [90m33 ms - 50[39m
[35m[HTTP][39m [90m[39m
[35m[HTTP][39m [37m-->[39m [37mPOST[39m [37m/wd/hub/session/9f2bea02-64ab-49d2-afef-d026fc762bc0/elements[39m
[35m[HTTP][39m [90m{"using":"xpath","value":"//hierarchy/android.widget.FrameLayout[1]/android.widget.LinearLayout[1]/android.widget.FrameLayout[1]/android.widget.LinearLayout[1]/android.widget.FrameLayout[1]/android.widget.FrameLayout[1]/android.view.ViewGroup[1]/android.view.ViewGroup[1]/android.view.ViewGroup[1]/android.view.ViewGroup[1]/android.view.ViewGroup[1]/android.view.ViewGroup[1]/android.widget.FrameLayout[1]/android.view.ViewGroup[1]/android.view.ViewGroup[1]/android.view.ViewGroup[1]/android.view.ViewGroup[1]"}[39m
[35m[HTTP][39m [37m<-- POST /wd/hub/session/9f2bea02-64ab-49d2-afef-d026fc762bc0/elements [39m[32m200[39m [90m397 ms - 139[39m
[35m[HTTP][39m [90m[39m
[35m[HTTP][39m [37m-->[39m [37mGET[39m [37m/wd/hub/session/9f2bea02-64ab-49d2-afef-d026fc762bc0/element/00000000-0000-002e-ffff-ffff0000001d/location[39m
[35m[HTTP][39m [90m{}[39m
[35m[W3C (9f2bea02)][39m Driver proxy active, passing request on via HTTP proxy
[35m[WD Proxy][39m Replacing sessionId 85170440-a1c3-4785-af51-ecee6b8ae287 with 9f2bea02-64ab-49d2-afef-d026fc762bc0
[35m[HTTP][39m [37m<-- GET /wd/hub/session/9f2bea02-64ab-49d2-afef-d026fc762bc0/element/00000000-0000-002e-ffff-ffff0000001d/location [39m[32m200[39m [90m29 ms - 77[39m
[35m[HTTP][39m [90m[39m
[35m[HTTP][39m [37m-->[39m [37mPOST[39m [37m/wd/hub/session/9f2bea02-64ab-49d2-afef-d026fc762bc0/element/00000000-0000-002e-ffff-ffff0000001d/click[39m
[35m[HTTP][39m [90m{"id":"00000000-0000-002e-ffff-ffff0000001d"}[39m
[35m[HTTP][39m [37m<-- POST /wd/hub/session/9f2bea02-64ab-49d2-afef-d026fc762bc0/element/00000000-0000-002e-ffff-ffff0000001d/click [39m[32m200[39m [90m51 ms - 14[39m
[35m[HTTP][39m [90m[39m
[35m[HTTP][39m [37m-->[39m [37mGET[39m [37m/wd/hub/session/9f2bea02-64ab-49d2-afef-d026fc762bc0/source[39m
[35m[HTTP][39m [90m{}[39m
[35m[W3C (9f2bea02)][39m Driver proxy active, passing request on via HTTP proxy
[35m[WD Proxy][39m Replacing sessionId 85170440-a1c3-4785-af51-ecee6b8ae287 with 9f2bea02-64ab-49d2-afef-d026fc762bc0
[35m[HTTP][39m [37m<-- GET /wd/hub/session/9f2bea02-64ab-49d2-afef-d026fc762bc0/source [39m[32m200[39m [90m1189 ms - 35891[39m
[35m[HTTP][39m [90m[39m
[35m[HTTP][39m [37m-->[39m [37mGET[39m [37m/wd/hub/session/9f2bea02-64ab-49d2-afef-d026fc762bc0/screenshot[39m
[35m[HTTP][39m [90m{}[39m
[35m[HTTP][39m [37m<-- GET /wd/hub/session/9f2bea02-64ab-49d2-afef-d026fc762bc0/screenshot [39m[32m200[39m [90m1005 ms - 168588[39m
[35m[HTTP][39m [90m[39m
[35m[HTTP][39m [37m-->[39m [37mPOST[39m [37m/wd/hub/session/9f2bea02-64ab-49d2-afef-d026fc762bc0/elements[39m
[35m[HTTP][39m [90m{"using":"xpath","value":"//*[@class = 'android.widget.EditText' and (@text = 'Type something...' or . = 'Type something...')]"}[39m
[35m[HTTP][39m [37m<-- POST /wd/hub/session/9f2bea02-64ab-49d2-afef-d026fc762bc0/elements [39m[32m200[39m [90m563 ms - 139[39m
[35m[HTTP][39m [90m[39m
[35m[HTTP][39m [37m-->[39m [37mGET[39m [37m/wd/hub/session/9f2bea02-64ab-49d2-afef-d026fc762bc0/window/rect[39m
[35m[HTTP][39m [90m{}[39m
[35m[HTTP][39m [37m<-- GET /wd/hub/session/9f2bea02-64ab-49d2-afef-d026fc762bc0/window/rect [39m[32m200[39m [90m55 ms - 50[39m
[35m[HTTP][39m [90m[39m
[35m[HTTP][39m [37m-->[39m [37mPOST[39m [37m/wd/hub/session/9f2bea02-64ab-49d2-afef-d026fc762bc0/elements[39m
[35m[HTTP][39m [90m{"using":"xpath","value":"//*[@class = 'android.widget.EditText' and (@text = 'Type something...' or . = 'Type something...')]"}[39m
[35m[HTTP][39m [37m<-- POST /wd/hub/session/9f2bea02-64ab-49d2-afef-d026fc762bc0/elements [39m[32m200[39m [90m503 ms - 139[39m
[35m[HTTP][39m [90m[39m
[35m[HTTP][39m [37m-->[39m [37mGET[39m [37m/wd/hub/session/9f2bea02-64ab-49d2-afef-d026fc762bc0/element/00000000-0000-002e-ffff-ffff0000005d/location[39m
[35m[HTTP][39m [90m{}[39m
[35m[W3C (9f2bea02)][39m Driver proxy active, passing request on via HTTP proxy
[35m[WD Proxy][39m Replacing sessionId 85170440-a1c3-4785-af51-ecee6b8ae287 with 9f2bea02-64ab-49d2-afef-d026fc762bc0
[35m[HTTP][39m [37m<-- GET /wd/hub/session/9f2bea02-64ab-49d2-afef-d026fc762bc0/element/00000000-0000-002e-ffff-ffff0000005d/location [39m[32m200[39m [90m26 ms - 77[39m
[35m[HTTP][39m [90m[39m
[35m[HTTP][39m [37m-->[39m [37mPOST[39m [37m/wd/hub/session/9f2bea02-64ab-49d2-afef-d026fc762bc0/element/00000000-0000-002e-ffff-ffff0000005d/clear[39m
[35m[HTTP][39m [90m{"id":"00000000-0000-002e-ffff-ffff0000005d"}[39m
[35m[HTTP][39m [37m<-- POST /wd/hub/session/9f2bea02-64ab-49d2-afef-d026fc762bc0/element/00000000-0000-002e-ffff-ffff0000005d/clear [39m[32m200[39m [90m35 ms - 14[39m
[35m[HTTP][39m [90m[39m
[35m[HTTP][39m [37m-->[39m [37mPOST[39m [37m/wd/hub/session/9f2bea02-64ab-49d2-afef-d026fc762bc0/element/00000000-0000-002e-ffff-ffff0000005d/value[39m
[35m[HTTP][39m [90m{"id":"00000000-0000-002e-ffff-ffff0000005d","text":"jakarta","value":["j","a","k","a","r","t","a"]}[39m
[35m[HTTP][39m [37m<-- POST /wd/hub/session/9f2bea02-64ab-49d2-afef-d026fc762bc0/element/00000000-0000-002e-ffff-ffff0000005d/value [39m[32m200[39m [90m1050 ms - 14[39m
[35m[HTTP][39m [90m[39m
[35m[HTTP][39m [37m-->[39m [37mGET[39m [37m/wd/hub/session/9f2bea02-64ab-49d2-afef-d026fc762bc0/source[39m
[35m[HTTP][39m [90m{}[39m
[35m[W3C (9f2bea02)][39m Driver proxy active, passing request on via HTTP proxy
[35m[WD Proxy][39m Replacing sessionId 85170440-a1c3-4785-af51-ecee6b8ae287 with 9f2bea02-64ab-49d2-afef-d026fc762bc0
[35m[HTTP][39m [37m<-- GET /wd/hub/session/9f2bea02-64ab-49d2-afef-d026fc762bc0/source [39m[32m200[39m [90m555 ms - 33202[39m
[35m[HTTP][39m [90m[39m
[35m[HTTP][39m [37m-->[39m [37mGET[39m [37m/wd/hub/session/9f2bea02-64ab-49d2-afef-d026fc762bc0/screenshot[39m
[35m[HTTP][39m [90m{}[39m
[35m[HTTP][39m [37m<-- GET /wd/hub/session/9f2bea02-64ab-49d2-afef-d026fc762bc0/screenshot [39m[32m200[39m [90m954 ms - 171276[39m
[35m[HTTP][39m [90m[39m
[35m[HTTP][39m [37m-->[39m [37mGET[39m [37m/wd/hub/session/9f2bea02-64ab-49d2-afef-d026fc762bc0/source[39m
[35m[HTTP][39m [90m{}[39m
[35m[W3C (9f2bea02)][39m Driver proxy active, passing request on via HTTP proxy
[35m[WD Proxy][39m Replacing sessionId 85170440-a1c3-4785-af51-ecee6b8ae287 with 9f2bea02-64ab-49d2-afef-d026fc762bc0
[35m[HTTP][39m [37m<-- GET /wd/hub/session/9f2bea02-64ab-49d2-afef-d026fc762bc0/source [39m[32m200[39m [90m514 ms - 28295[39m
[35m[HTTP][39m [90m[39m
[35m[HTTP][39m [37m-->[39m [37mGET[39m [37m/wd/hub/session/9f2bea02-64ab-49d2-afef-d026fc762bc0/screenshot[39m
[35m[HTTP][39m [90m{}[39m
[35m[HTTP][39m [37m<-- GET /wd/hub/session/9f2bea02-64ab-49d2-afef-d026fc762bc0/screenshot [39m[32m200[39m [90m997 ms - 173398[39m
[35m[HTTP][39m [90m[39m
[35m[HTTP][39m [37m-->[39m [37mGET[39m [37m/wd/hub/session/9f2bea02-64ab-49d2-afef-d026fc762bc0/source[39m
[35m[HTTP][39m [90m{}[39m
[35m[W3C (9f2bea02)][39m Driver proxy active, passing request on via HTTP proxy
[35m[WD Proxy][39m Replacing sessionId 85170440-a1c3-4785-af51-ecee6b8ae287 with 9f2bea02-64ab-49d2-afef-d026fc762bc0
[35m[HTTP][39m [37m<-- GET /wd/hub/session/9f2bea02-64ab-49d2-afef-d026fc762bc0/source [39m[32m200[39m [90m466 ms - 28295[39m
[35m[HTTP][39m [90m[39m
[35m[HTTP][39m [37m-->[39m [37mGET[39m [37m/wd/hub/session/9f2bea02-64ab-49d2-afef-d026fc762bc0/screenshot[39m
[35m[HTTP][39m [90m{}[39m
[35m[HTTP][39m [37m<-- GET /wd/hub/session/9f2bea02-64ab-49d2-afef-d026fc762bc0/screenshot [39m[32m200[39m [90m950 ms - 173398[39m
[35m[HTTP][39m [90m[39m
[35m[HTTP][39m [37m-->[39m [37mPOST[39m [37m/wd/hub/session/9f2bea02-64ab-49d2-afef-d026fc762bc0/elements[39m
[35m[HTTP][39m [90m{"using":"xpath","value":"//*[@class = 'android.widget.EditText' and (@text = 'Guest' or . = 'Guest')]"}[39m
[35m[HTTP][39m [37m<-- POST /wd/hub/session/9f2bea02-64ab-49d2-afef-d026fc762bc0/elements [39m[32m200[39m [90m404 ms - 139[39m
[35m[HTTP][39m [90m[39m
[35m[HTTP][39m [37m-->[39m [37mGET[39m [37m/wd/hub/session/9f2bea02-64ab-49d2-afef-d026fc762bc0/window/rect[39m
[35m[HTTP][39m [90m{}[39m
[35m[HTTP][39m [37m<-- GET /wd/hub/session/9f2bea02-64ab-49d2-afef-d026fc762bc0/window/rect [39m[32m200[39m [90m37 ms - 50[39m
[35m[HTTP][39m [90m[39m
[35m[HTTP][39m [37m-->[39m [37mPOST[39m [37m/wd/hub/session/9f2bea02-64ab-49d2-afef-d026fc762bc0/elements[39m
[35m[HTTP][39m [90m{"using":"xpath","value":"//*[@class = 'android.widget.EditText' and (@text = 'Guest' or . = 'Guest')]"}[39m
[35m[HTTP][39m [37m<-- POST /wd/hub/session/9f2bea02-64ab-49d2-afef-d026fc762bc0/elements [39m[32m200[39m [90m375 ms - 139[39m
[35m[HTTP][39m [90m[39m
[35m[HTTP][39m [37m-->[39m [37mGET[39m [37m/wd/hub/session/9f2bea02-64ab-49d2-afef-d026fc762bc0/element/00000000-0000-0030-ffff-ffff00000085/location[39m
[35m[HTTP][39m [90m{}[39m
[35m[W3C (9f2bea02)][39m Driver proxy active, passing request on via HTTP proxy
[35m[WD Proxy][39m Replacing sessionId 85170440-a1c3-4785-af51-ecee6b8ae287 with 9f2bea02-64ab-49d2-afef-d026fc762bc0
[35m[HTTP][39m [37m<-- GET /wd/hub/session/9f2bea02-64ab-49d2-afef-d026fc762bc0/element/00000000-0000-0030-ffff-ffff00000085/location [39m[32m200[39m [90m30 ms - 78[39m
[35m[HTTP][39m [90m[39m
[35m[HTTP][39m [37m-->[39m [37mPOST[39m [37m/wd/hub/session/9f2bea02-64ab-49d2-afef-d026fc762bc0/element/00000000-0000-0030-ffff-ffff00000085/clear[39m
[35m[HTTP][39m [90m{"id":"00000000-0000-0030-ffff-ffff00000085"}[39m
[35m[HTTP][39m [37m<-- POST /wd/hub/session/9f2bea02-64ab-49d2-afef-d026fc762bc0/element/00000000-0000-0030-ffff-ffff00000085/clear [39m[32m200[39m [90m31 ms - 14[39m
[35m[HTTP][39m [90m[39m
[35m[HTTP][39m [37m-->[39m [37mPOST[39m [37m/wd/hub/session/9f2bea02-64ab-49d2-afef-d026fc762bc0/element/00000000-0000-0030-ffff-ffff00000085/value[39m
[35m[HTTP][39m [90m{"id":"00000000-0000-0030-ffff-ffff00000085","text":"2","value":["2"]}[39m
[35m[HTTP][39m [37m<-- POST /wd/hub/session/9f2bea02-64ab-49d2-afef-d026fc762bc0/element/00000000-0000-0030-ffff-ffff00000085/value [39m[32m200[39m [90m1168 ms - 14[39m
[35m[HTTP][39m [90m[39m
[35m[HTTP][39m [37m-->[39m [37mGET[39m [37m/wd/hub/session/9f2bea02-64ab-49d2-afef-d026fc762bc0/source[39m
[35m[HTTP][39m [90m{}[39m
[35m[W3C (9f2bea02)][39m Driver proxy active, passing request on via HTTP proxy
[35m[WD Proxy][39m Replacing sessionId 85170440-a1c3-4785-af51-ecee6b8ae287 with 9f2bea02-64ab-49d2-afef-d026fc762bc0
[35m[HTTP][39m [37m<-- GET /wd/hub/session/9f2bea02-64ab-49d2-afef-d026fc762bc0/source [39m[32m200[39m [90m718 ms - 28290[39m
[35m[HTTP][39m [90m[39m
[35m[HTTP][39m [37m-->[39m [37mGET[39m [37m/wd/hub/session/9f2bea02-64ab-49d2-afef-d026fc762bc0/screenshot[39m
[35m[HTTP][39m [90m{}[39m
[35m[HTTP][39m [37m<-- GET /wd/hub/session/9f2bea02-64ab-49d2-afef-d026fc762bc0/screenshot [39m[32m200[39m [90m996 ms - 169864[39m
[35m[HTTP][39m [90m[39m
[35m[HTTP][39m [37m-->[39m [37mGET[39m [37m/wd/hub/session/9f2bea02-64ab-49d2-afef-d026fc762bc0/source[39m
[35m[HTTP][39m [90m{}[39m
[35m[W3C (9f2bea02)][39m Driver proxy active, passing request on via HTTP proxy
[35m[WD Proxy][39m Replacing sessionId 85170440-a1c3-4785-af51-ecee6b8ae287 with 9f2bea02-64ab-49d2-afef-d026fc762bc0
[35m[HTTP][39m [37m<-- GET /wd/hub/session/9f2bea02-64ab-49d2-afef-d026fc762bc0/source [39m[32m200[39m [90m209 ms - 11634[39m
[35m[HTTP][39m [90m[39m
[35m[HTTP][39m [37m-->[39m [37mGET[39m [37m/wd/hub/session/9f2bea02-64ab-49d2-afef-d026fc762bc0/screenshot[39m
[35m[HTTP][39m [90m{}[39m
[35m[HTTP][39m [37m<-- GET /wd/hub/session/9f2bea02-64ab-49d2-afef-d026fc762bc0/screenshot [39m[32m200[39m [90m958 ms - 149634[39m
[35m[HTTP][39m [90m[39m
[35m[HTTP][39m [37m-->[39m [37mDELETE[39m [37m/wd/hub/session/9f2bea02-64ab-49d2-afef-d026fc762bc0[39m
[35m[HTTP][39m [90m{}[39m
[35m[Appium][39m Removing session 9f2bea02-64ab-49d2-afef-d026fc762bc0 from our master session list
[35m[HTTP][39m [37m<-- DELETE /wd/hub/session/9f2bea02-64ab-49d2-afef-d026fc762bc0 [39m[32m200[39m [90m271 ms - 14[39m
[35m[HTTP][39m [90m[39m
